Start testing: Apr 05 17:32 UTC
----------------------------------------------------------
1/29 Testing: human_readable: byte range (< 1 KB)
1/29 Test: human_readable: byte range (< 1 KB)
Command: "/home/runner/work/memorystorm/memorystorm/build/tests/memorystorm_tests" "human_readable: byte range (< 1 KB)"
Directory: /home/runner/work/memorystorm/memorystorm/build/tests
"human_readable: byte range (< 1 KB)" start time: Apr 05 17:32 UTC
Output:
----------------------------------------------------------
Filters: "human_readable: byte range (< 1 KB)"
Randomness seeded to: 461202740
===============================================================================
All tests passed (4 assertions in 1 test case)

<end of output>
Test time =   0.00 sec
----------------------------------------------------------
Test Passed.
"human_readable: byte range (< 1 KB)" end time: Apr 05 17:32 UTC
"human_readable: byte range (< 1 KB)" time elapsed: 00:00:00
----------------------------------------------------------

2/29 Testing: human_readable: fractional KB range (1 KB – 9.99 KB)
2/29 Test: human_readable: fractional KB range (1 KB – 9.99 KB)
Command: "/home/runner/work/memorystorm/memorystorm/build/tests/memorystorm_tests" "human_readable: fractional KB range (1 KB – 9.99 KB)"
Directory: /home/runner/work/memorystorm/memorystorm/build/tests
"human_readable: fractional KB range (1 KB – 9.99 KB)" start time: Apr 05 17:32 UTC
Output:
----------------------------------------------------------
Filters: "human_readable: fractional KB range (1 KB – 9.99 KB)"
Randomness seeded to: 3987826797
===============================================================================
All tests passed (5 assertions in 1 test case)

<end of output>
Test time =   0.00 sec
----------------------------------------------------------
Test Passed.
"human_readable: fractional KB range (1 KB – 9.99 KB)" end time: Apr 05 17:32 UTC
"human_readable: fractional KB range (1 KB – 9.99 KB)" time elapsed: 00:00:00
----------------------------------------------------------

3/29 Testing: human_readable: integer KB range (10 KB – 999 KB)
3/29 Test: human_readable: integer KB range (10 KB – 999 KB)
Command: "/home/runner/work/memorystorm/memorystorm/build/tests/memorystorm_tests" "human_readable: integer KB range (10 KB – 999 KB)"
Directory: /home/runner/work/memorystorm/memorystorm/build/tests
"human_readable: integer KB range (10 KB – 999 KB)" start time: Apr 05 17:32 UTC
Output:
----------------------------------------------------------
Filters: "human_readable: integer KB range (10 KB – 999 KB)"
Randomness seeded to: 2464337315
===============================================================================
All tests passed (4 assertions in 1 test case)

<end of output>
Test time =   0.00 sec
----------------------------------------------------------
Test Passed.
"human_readable: integer KB range (10 KB – 999 KB)" end time: Apr 05 17:32 UTC
"human_readable: integer KB range (10 KB – 999 KB)" time elapsed: 00:00:00
----------------------------------------------------------

4/29 Testing: human_readable: fractional MB range (1 MB – 9.99 MB)
4/29 Test: human_readable: fractional MB range (1 MB – 9.99 MB)
Command: "/home/runner/work/memorystorm/memorystorm/build/tests/memorystorm_tests" "human_readable: fractional MB range (1 MB – 9.99 MB)"
Directory: /home/runner/work/memorystorm/memorystorm/build/tests
"human_readable: fractional MB range (1 MB – 9.99 MB)" start time: Apr 05 17:32 UTC
Output:
----------------------------------------------------------
Filters: "human_readable: fractional MB range (1 MB – 9.99 MB)"
Randomness seeded to: 1076565430
===============================================================================
All tests passed (3 assertions in 1 test case)

<end of output>
Test time =   0.00 sec
----------------------------------------------------------
Test Passed.
"human_readable: fractional MB range (1 MB – 9.99 MB)" end time: Apr 05 17:32 UTC
"human_readable: fractional MB range (1 MB – 9.99 MB)" time elapsed: 00:00:00
----------------------------------------------------------

5/29 Testing: human_readable: integer MB range (10 MB – 999 MB)
5/29 Test: human_readable: integer MB range (10 MB – 999 MB)
Command: "/home/runner/work/memorystorm/memorystorm/build/tests/memorystorm_tests" "human_readable: integer MB range (10 MB – 999 MB)"
Directory: /home/runner/work/memorystorm/memorystorm/build/tests
"human_readable: integer MB range (10 MB – 999 MB)" start time: Apr 05 17:32 UTC
Output:
----------------------------------------------------------
Filters: "human_readable: integer MB range (10 MB – 999 MB)"
Randomness seeded to: 1183556980
===============================================================================
All tests passed (3 assertions in 1 test case)

<end of output>
Test time =   0.00 sec
----------------------------------------------------------
Test Passed.
"human_readable: integer MB range (10 MB – 999 MB)" end time: Apr 05 17:32 UTC
"human_readable: integer MB range (10 MB – 999 MB)" time elapsed: 00:00:00
----------------------------------------------------------

6/29 Testing: human_readable: fractional GB range (1 GB – 9.99 GB)
6/29 Test: human_readable: fractional GB range (1 GB – 9.99 GB)
Command: "/home/runner/work/memorystorm/memorystorm/build/tests/memorystorm_tests" "human_readable: fractional GB range (1 GB – 9.99 GB)"
Directory: /home/runner/work/memorystorm/memorystorm/build/tests
"human_readable: fractional GB range (1 GB – 9.99 GB)" start time: Apr 05 17:32 UTC
Output:
----------------------------------------------------------
Filters: "human_readable: fractional GB range (1 GB – 9.99 GB)"
Randomness seeded to: 1826614434
===============================================================================
All tests passed (3 assertions in 1 test case)

<end of output>
Test time =   0.00 sec
----------------------------------------------------------
Test Passed.
"human_readable: fractional GB range (1 GB – 9.99 GB)" end time: Apr 05 17:32 UTC
"human_readable: fractional GB range (1 GB – 9.99 GB)" time elapsed: 00:00:00
----------------------------------------------------------

7/29 Testing: human_readable: integer GB range (10 GB – 999 GB)
7/29 Test: human_readable: integer GB range (10 GB – 999 GB)
Command: "/home/runner/work/memorystorm/memorystorm/build/tests/memorystorm_tests" "human_readable: integer GB range (10 GB – 999 GB)"
Directory: /home/runner/work/memorystorm/memorystorm/build/tests
"human_readable: integer GB range (10 GB – 999 GB)" start time: Apr 05 17:32 UTC
Output:
----------------------------------------------------------
Filters: "human_readable: integer GB range (10 GB – 999 GB)"
Randomness seeded to: 1482559588
===============================================================================
All tests passed (2 assertions in 1 test case)

<end of output>
Test time =   0.00 sec
----------------------------------------------------------
Test Passed.
"human_readable: integer GB range (10 GB – 999 GB)" end time: Apr 05 17:32 UTC
"human_readable: integer GB range (10 GB – 999 GB)" time elapsed: 00:00:00
----------------------------------------------------------

8/29 Testing: human_readable: fractional TB range (1 TB – 9.99 TB)
8/29 Test: human_readable: fractional TB range (1 TB – 9.99 TB)
Command: "/home/runner/work/memorystorm/memorystorm/build/tests/memorystorm_tests" "human_readable: fractional TB range (1 TB – 9.99 TB)"
Directory: /home/runner/work/memorystorm/memorystorm/build/tests
"human_readable: fractional TB range (1 TB – 9.99 TB)" start time: Apr 05 17:32 UTC
Output:
----------------------------------------------------------
Filters: "human_readable: fractional TB range (1 TB – 9.99 TB)"
Randomness seeded to: 4001262430
===============================================================================
All tests passed (2 assertions in 1 test case)

<end of output>
Test time =   0.00 sec
----------------------------------------------------------
Test Passed.
"human_readable: fractional TB range (1 TB – 9.99 TB)" end time: Apr 05 17:32 UTC
"human_readable: fractional TB range (1 TB – 9.99 TB)" time elapsed: 00:00:00
----------------------------------------------------------

9/29 Testing: human_readable: integer TB range (10 TB – 999 TB)
9/29 Test: human_readable: integer TB range (10 TB – 999 TB)
Command: "/home/runner/work/memorystorm/memorystorm/build/tests/memorystorm_tests" "human_readable: integer TB range (10 TB – 999 TB)"
Directory: /home/runner/work/memorystorm/memorystorm/build/tests
"human_readable: integer TB range (10 TB – 999 TB)" start time: Apr 05 17:32 UTC
Output:
----------------------------------------------------------
Filters: "human_readable: integer TB range (10 TB – 999 TB)"
Randomness seeded to: 3813298118
===============================================================================
All tests passed (1 assertion in 1 test case)

<end of output>
Test time =   0.00 sec
----------------------------------------------------------
Test Passed.
"human_readable: integer TB range (10 TB – 999 TB)" end time: Apr 05 17:32 UTC
"human_readable: integer TB range (10 TB – 999 TB)" time elapsed: 00:00:00
----------------------------------------------------------

10/29 Testing: human_readable: fractional PB range (1 PB – 9.99 PB)
10/29 Test: human_readable: fractional PB range (1 PB – 9.99 PB)
Command: "/home/runner/work/memorystorm/memorystorm/build/tests/memorystorm_tests" "human_readable: fractional PB range (1 PB – 9.99 PB)"
Directory: /home/runner/work/memorystorm/memorystorm/build/tests
"human_readable: fractional PB range (1 PB – 9.99 PB)" start time: Apr 05 17:32 UTC
Output:
----------------------------------------------------------
Filters: "human_readable: fractional PB range (1 PB – 9.99 PB)"
Randomness seeded to: 2530849761
===============================================================================
All tests passed (1 assertion in 1 test case)

<end of output>
Test time =   0.00 sec
----------------------------------------------------------
Test Passed.
"human_readable: fractional PB range (1 PB – 9.99 PB)" end time: Apr 05 17:32 UTC
"human_readable: fractional PB range (1 PB – 9.99 PB)" time elapsed: 00:00:00
----------------------------------------------------------

11/29 Testing: human_readable: large PB range (>= 10 PB)
11/29 Test: human_readable: large PB range (>= 10 PB)
Command: "/home/runner/work/memorystorm/memorystorm/build/tests/memorystorm_tests" "human_readable: large PB range (>= 10 PB)"
Directory: /home/runner/work/memorystorm/memorystorm/build/tests
"human_readable: large PB range (>= 10 PB)" start time: Apr 05 17:32 UTC
Output:
----------------------------------------------------------
Filters: "human_readable: large PB range (>= 10 PB)"
Randomness seeded to: 650424104
===============================================================================
All tests passed (1 assertion in 1 test case)

<end of output>
Test time =   0.00 sec
----------------------------------------------------------
Test Passed.
"human_readable: large PB range (>= 10 PB)" end time: Apr 05 17:32 UTC
"human_readable: large PB range (>= 10 PB)" time elapsed: 00:00:00
----------------------------------------------------------

12/29 Testing: human_readable: boundary values
12/29 Test: human_readable: boundary values
Command: "/home/runner/work/memorystorm/memorystorm/build/tests/memorystorm_tests" "human_readable: boundary values"
Directory: /home/runner/work/memorystorm/memorystorm/build/tests
"human_readable: boundary values" start time: Apr 05 17:32 UTC
Output:
----------------------------------------------------------
Filters: "human_readable: boundary values"
Randomness seeded to: 3634545794
===============================================================================
All tests passed (6 assertions in 1 test case)

<end of output>
Test time =   0.00 sec
----------------------------------------------------------
Test Passed.
"human_readable: boundary values" end time: Apr 05 17:32 UTC
"human_readable: boundary values" time elapsed: 00:00:00
----------------------------------------------------------

13/29 Testing: get_stack_available: returns a positive non-zero value
13/29 Test: get_stack_available: returns a positive non-zero value
Command: "/home/runner/work/memorystorm/memorystorm/build/tests/memorystorm_tests" "get_stack_available: returns a positive non-zero value"
Directory: /home/runner/work/memorystorm/memorystorm/build/tests
"get_stack_available: returns a positive non-zero value" start time: Apr 05 17:32 UTC
Output:
----------------------------------------------------------
Filters: "get_stack_available: returns a positive non-zero value"
Randomness seeded to: 57066859
===============================================================================
All tests passed (1 assertion in 1 test case)

<end of output>
Test time =   0.00 sec
----------------------------------------------------------
Test Passed.
"get_stack_available: returns a positive non-zero value" end time: Apr 05 17:32 UTC
"get_stack_available: returns a positive non-zero value" time elapsed: 00:00:00
----------------------------------------------------------

14/29 Testing: get_physical_total: returns a positive non-zero value
14/29 Test: get_physical_total: returns a positive non-zero value
Command: "/home/runner/work/memorystorm/memorystorm/build/tests/memorystorm_tests" "get_physical_total: returns a positive non-zero value"
Directory: /home/runner/work/memorystorm/memorystorm/build/tests
"get_physical_total: returns a positive non-zero value" start time: Apr 05 17:32 UTC
Output:
----------------------------------------------------------
Filters: "get_physical_total: returns a positive non-zero value"
Randomness seeded to: 3297509619
===============================================================================
All tests passed (1 assertion in 1 test case)

<end of output>
Test time =   0.00 sec
----------------------------------------------------------
Test Passed.
"get_physical_total: returns a positive non-zero value" end time: Apr 05 17:32 UTC
"get_physical_total: returns a positive non-zero value" time elapsed: 00:00:00
----------------------------------------------------------

15/29 Testing: get_physical_available: returns a non-negative value no greater than total
15/29 Test: get_physical_available: returns a non-negative value no greater than total
Command: "/home/runner/work/memorystorm/memorystorm/build/tests/memorystorm_tests" "get_physical_available: returns a non-negative value no greater than total"
Directory: /home/runner/work/memorystorm/memorystorm/build/tests
"get_physical_available: returns a non-negative value no greater than total" start time: Apr 05 17:32 UTC
Output:
----------------------------------------------------------
Filters: "get_physical_available: returns a non-negative value no greater than total"
Randomness seeded to: 1944688988
===============================================================================
All tests passed (1 assertion in 1 test case)

<end of output>
Test time =   0.00 sec
----------------------------------------------------------
Test Passed.
"get_physical_available: returns a non-negative value no greater than total" end time: Apr 05 17:32 UTC
"get_physical_available: returns a non-negative value no greater than total" time elapsed: 00:00:00
----------------------------------------------------------

16/29 Testing: get_physical_usage: returns a positive non-zero value
16/29 Test: get_physical_usage: returns a positive non-zero value
Command: "/home/runner/work/memorystorm/memorystorm/build/tests/memorystorm_tests" "get_physical_usage: returns a positive non-zero value"
Directory: /home/runner/work/memorystorm/memorystorm/build/tests
"get_physical_usage: returns a positive non-zero value" start time: Apr 05 17:32 UTC
Output:
----------------------------------------------------------
Filters: "get_physical_usage: returns a positive non-zero value"
Randomness seeded to: 1057109631
===============================================================================
All tests passed (1 assertion in 1 test case)

<end of output>
Test time =   0.00 sec
----------------------------------------------------------
Test Passed.
"get_physical_usage: returns a positive non-zero value" end time: Apr 05 17:32 UTC
"get_physical_usage: returns a positive non-zero value" time elapsed: 00:00:00
----------------------------------------------------------

17/29 Testing: get_physical_usage: does not exceed total physical memory
17/29 Test: get_physical_usage: does not exceed total physical memory
Command: "/home/runner/work/memorystorm/memorystorm/build/tests/memorystorm_tests" "get_physical_usage: does not exceed total physical memory"
Directory: /home/runner/work/memorystorm/memorystorm/build/tests
"get_physical_usage: does not exceed total physical memory" start time: Apr 05 17:32 UTC
Output:
----------------------------------------------------------
Filters: "get_physical_usage: does not exceed total physical memory"
Randomness seeded to: 2631566125
===============================================================================
All tests passed (1 assertion in 1 test case)

<end of output>
Test time =   0.00 sec
----------------------------------------------------------
Test Passed.
"get_physical_usage: does not exceed total physical memory" end time: Apr 05 17:32 UTC
"get_physical_usage: does not exceed total physical memory" time elapsed: 00:00:00
----------------------------------------------------------

18/29 Testing: get_virtual_total: returns a positive non-zero value
18/29 Test: get_virtual_total: returns a positive non-zero value
Command: "/home/runner/work/memorystorm/memorystorm/build/tests/memorystorm_tests" "get_virtual_total: returns a positive non-zero value"
Directory: /home/runner/work/memorystorm/memorystorm/build/tests
"get_virtual_total: returns a positive non-zero value" start time: Apr 05 17:32 UTC
Output:
----------------------------------------------------------
Filters: "get_virtual_total: returns a positive non-zero value"
Randomness seeded to: 1915304433
===============================================================================
All tests passed (1 assertion in 1 test case)

<end of output>
Test time =   0.00 sec
----------------------------------------------------------
Test Passed.
"get_virtual_total: returns a positive non-zero value" end time: Apr 05 17:32 UTC
"get_virtual_total: returns a positive non-zero value" time elapsed: 00:00:00
----------------------------------------------------------

19/29 Testing: get_virtual_available: returns a non-negative value no greater than virtual total
19/29 Test: get_virtual_available: returns a non-negative value no greater than virtual total
Command: "/home/runner/work/memorystorm/memorystorm/build/tests/memorystorm_tests" "get_virtual_available: returns a non-negative value no greater than virtual total"
Directory: /home/runner/work/memorystorm/memorystorm/build/tests
"get_virtual_available: returns a non-negative value no greater than virtual total" start time: Apr 05 17:32 UTC
Output:
----------------------------------------------------------
Filters: "get_virtual_available: returns a non-negative value no greater than virtual total"
Randomness seeded to: 3730503786
===============================================================================
All tests passed (1 assertion in 1 test case)

<end of output>
Test time =   0.00 sec
----------------------------------------------------------
Test Passed.
"get_virtual_available: returns a non-negative value no greater than virtual total" end time: Apr 05 17:32 UTC
"get_virtual_available: returns a non-negative value no greater than virtual total" time elapsed: 00:00:00
----------------------------------------------------------

20/29 Testing: get_virtual_usage: returns a positive non-zero value
20/29 Test: get_virtual_usage: returns a positive non-zero value
Command: "/home/runner/work/memorystorm/memorystorm/build/tests/memorystorm_tests" "get_virtual_usage: returns a positive non-zero value"
Directory: /home/runner/work/memorystorm/memorystorm/build/tests
"get_virtual_usage: returns a positive non-zero value" start time: Apr 05 17:32 UTC
Output:
----------------------------------------------------------
Filters: "get_virtual_usage: returns a positive non-zero value"
Randomness seeded to: 3933791263
===============================================================================
All tests passed (1 assertion in 1 test case)

<end of output>
Test time =   0.00 sec
----------------------------------------------------------
Test Passed.
"get_virtual_usage: returns a positive non-zero value" end time: Apr 05 17:32 UTC
"get_virtual_usage: returns a positive non-zero value" time elapsed: 00:00:00
----------------------------------------------------------

21/29 Testing: get_virtual_total: is at least as large as physical total
21/29 Test: get_virtual_total: is at least as large as physical total
Command: "/home/runner/work/memorystorm/memorystorm/build/tests/memorystorm_tests" "get_virtual_total: is at least as large as physical total"
Directory: /home/runner/work/memorystorm/memorystorm/build/tests
"get_virtual_total: is at least as large as physical total" start time: Apr 05 17:32 UTC
Output:
----------------------------------------------------------
Filters: "get_virtual_total: is at least as large as physical total"
Randomness seeded to: 870995088
===============================================================================
All tests passed (1 assertion in 1 test case)

<end of output>
Test time =   0.00 sec
----------------------------------------------------------
Test Passed.
"get_virtual_total: is at least as large as physical total" end time: Apr 05 17:32 UTC
"get_virtual_total: is at least as large as physical total" time elapsed: 00:00:00
----------------------------------------------------------

22/29 Testing: virtual usage is at least physical usage
22/29 Test: virtual usage is at least physical usage
Command: "/home/runner/work/memorystorm/memorystorm/build/tests/memorystorm_tests" "virtual usage is at least physical usage"
Directory: /home/runner/work/memorystorm/memorystorm/build/tests
"virtual usage is at least physical usage" start time: Apr 05 17:32 UTC
Output:
----------------------------------------------------------
Filters: "virtual usage is at least physical usage"
Randomness seeded to: 486415466
===============================================================================
All tests passed (1 assertion in 1 test case)

<end of output>
Test time =   0.00 sec
----------------------------------------------------------
Test Passed.
"virtual usage is at least physical usage" end time: Apr 05 17:32 UTC
"virtual usage is at least physical usage" time elapsed: 00:00:00
----------------------------------------------------------

23/29 Testing: get_physical_total: plausible for a CI host (>= 64 MB)
23/29 Test: get_physical_total: plausible for a CI host (>= 64 MB)
Command: "/home/runner/work/memorystorm/memorystorm/build/tests/memorystorm_tests" "get_physical_total: plausible for a CI host (>= 64 MB)"
Directory: /home/runner/work/memorystorm/memorystorm/build/tests
"get_physical_total: plausible for a CI host (>= 64 MB)" start time: Apr 05 17:32 UTC
Output:
----------------------------------------------------------
Filters: "get_physical_total: plausible for a CI host (>= 64 MB)"
Randomness seeded to: 3545576800
===============================================================================
All tests passed (1 assertion in 1 test case)

<end of output>
Test time =   0.00 sec
----------------------------------------------------------
Test Passed.
"get_physical_total: plausible for a CI host (>= 64 MB)" end time: Apr 05 17:32 UTC
"get_physical_total: plausible for a CI host (>= 64 MB)" time elapsed: 00:00:00
----------------------------------------------------------

24/29 Testing: get_physical_total: plausible upper bound (< 1 TB)
24/29 Test: get_physical_total: plausible upper bound (< 1 TB)
Command: "/home/runner/work/memorystorm/memorystorm/build/tests/memorystorm_tests" "get_physical_total: plausible upper bound (< 1 TB)"
Directory: /home/runner/work/memorystorm/memorystorm/build/tests
"get_physical_total: plausible upper bound (< 1 TB)" start time: Apr 05 17:32 UTC
Output:
----------------------------------------------------------
Filters: "get_physical_total: plausible upper bound (< 1 TB)"
Randomness seeded to: 1299461433
===============================================================================
All tests passed (1 assertion in 1 test case)

<end of output>
Test time =   0.00 sec
----------------------------------------------------------
Test Passed.
"get_physical_total: plausible upper bound (< 1 TB)" end time: Apr 05 17:32 UTC
"get_physical_total: plausible upper bound (< 1 TB)" time elapsed: 00:00:00
----------------------------------------------------------

25/29 Testing: get_stats: returns a non-empty string
25/29 Test: get_stats: returns a non-empty string
Command: "/home/runner/work/memorystorm/memorystorm/build/tests/memorystorm_tests" "get_stats: returns a non-empty string"
Directory: /home/runner/work/memorystorm/memorystorm/build/tests
"get_stats: returns a non-empty string" start time: Apr 05 17:32 UTC
Output:
----------------------------------------------------------
Filters: "get_stats: returns a non-empty string"
Randomness seeded to: 2935775894
===============================================================================
All tests passed (1 assertion in 1 test case)

<end of output>
Test time =   0.00 sec
----------------------------------------------------------
Test Passed.
"get_stats: returns a non-empty string" end time: Apr 05 17:32 UTC
"get_stats: returns a non-empty string" time elapsed: 00:00:00
----------------------------------------------------------

26/29 Testing: get_stats: contains expected section headings
26/29 Test: get_stats: contains expected section headings
Command: "/home/runner/work/memorystorm/memorystorm/build/tests/memorystorm_tests" "get_stats: contains expected section headings"
Directory: /home/runner/work/memorystorm/memorystorm/build/tests
"get_stats: contains expected section headings" start time: Apr 05 17:32 UTC
Output:
----------------------------------------------------------
Filters: "get_stats: contains expected section headings"
Randomness seeded to: 4179636203
===============================================================================
All tests passed (4 assertions in 1 test case)

<end of output>
Test time =   0.00 sec
----------------------------------------------------------
Test Passed.
"get_stats: contains expected section headings" end time: Apr 05 17:32 UTC
"get_stats: contains expected section headings" time elapsed: 00:00:00
----------------------------------------------------------

27/29 Testing: get_stats: each memory value appears human-readable (ends with a unit suffix)
27/29 Test: get_stats: each memory value appears human-readable (ends with a unit suffix)
Command: "/home/runner/work/memorystorm/memorystorm/build/tests/memorystorm_tests" "get_stats: each memory value appears human-readable (ends with a unit suffix)"
Directory: /home/runner/work/memorystorm/memorystorm/build/tests
"get_stats: each memory value appears human-readable (ends with a unit suffix)" start time: Apr 05 17:32 UTC
Output:
----------------------------------------------------------
Filters: "get_stats: each memory value appears human-readable (ends with a unit suffix)"
Randomness seeded to: 2570288384
===============================================================================
All tests passed (1 assertion in 1 test case)

<end of output>
Test time =   0.00 sec
----------------------------------------------------------
Test Passed.
"get_stats: each memory value appears human-readable (ends with a unit suffix)" end time: Apr 05 17:32 UTC
"get_stats: each memory value appears human-readable (ends with a unit suffix)" time elapsed: 00:00:00
----------------------------------------------------------

28/29 Testing: dump_stats: does not throw
28/29 Test: dump_stats: does not throw
Command: "/home/runner/work/memorystorm/memorystorm/build/tests/memorystorm_tests" "dump_stats: does not throw"
Directory: /home/runner/work/memorystorm/memorystorm/build/tests
"dump_stats: does not throw" start time: Apr 05 17:32 UTC
Output:
----------------------------------------------------------
Filters: "dump_stats: does not throw"
Randomness seeded to: 3895305179
===============================================================================
All tests passed (1 assertion in 1 test case)

<end of output>
Test time =   0.00 sec
----------------------------------------------------------
Test Passed.
"dump_stats: does not throw" end time: Apr 05 17:32 UTC
"dump_stats: does not throw" time elapsed: 00:00:00
----------------------------------------------------------

29/29 Testing: dump_stats: writes non-empty output
29/29 Test: dump_stats: writes non-empty output
Command: "/home/runner/work/memorystorm/memorystorm/build/tests/memorystorm_tests" "dump_stats: writes non-empty output"
Directory: /home/runner/work/memorystorm/memorystorm/build/tests
"dump_stats: writes non-empty output" start time: Apr 05 17:32 UTC
Output:
----------------------------------------------------------
Filters: "dump_stats: writes non-empty output"
Randomness seeded to: 881469784
===============================================================================
All tests passed (1 assertion in 1 test case)

<end of output>
Test time =   0.00 sec
----------------------------------------------------------
Test Passed.
"dump_stats: writes non-empty output" end time: Apr 05 17:32 UTC
"dump_stats: writes non-empty output" time elapsed: 00:00:00
----------------------------------------------------------

End testing: Apr 05 17:32 UTC
